# JRE version: OpenJDK Runtime Environment (11.0.11+9) (build 11.0.11+9-b60-7590822)
# Java VM: OpenJDK 64-Bit Server VM (11.0.11+9-b60-7590822, mixed mode, tiered, compressed oops, g1 gc, windows-amd64)
Heap:
 garbage-first heap   total 92160K, used 65850K [0x00000000c2a00000, 0x0000000100000000)
  region size 1024K, 17 young (17408K), 2 survivors (2048K)
 Metaspace       used 61003K, capacity 61677K, committed 61824K, reserved 1103872K
  class space    used 6703K, capacity 6951K, committed 7040K, reserved 1048576K
GC Heap History (20 events):
Event: 10.442 GC heap before
{Heap before GC invocations=6 (full 0):
 garbage-first heap   total 63488K, used 41257K [0x00000000c2a00000, 0x0000000100000000)
  region size 1024K, 22 young (22528K), 4 survivors (4096K)
 Metaspace       used 35366K, capacity 35779K, committed 35840K, reserved 1081344K
  class space    used 4117K, capacity 4291K, committed 4352K, reserved 1048576K
}
Event: 10.464 GC heap after
{Heap after GC invocations=7 (full 0):
 garbage-first heap   total 76800K, used 24494K [0x00000000c2a00000, 0x0000000100000000)
  region size 1024K, 3 young (3072K), 3 survivors (3072K)
 Metaspace       used 35366K, capacity 35779K, committed 35840K, reserved 1081344K
  class space    used 4117K, capacity 4291K, committed 4352K, reserved 1048576K
}
Event: 12.061 GC heap before
{Heap before GC invocations=8 (full 0):
 garbage-first heap   total 76800K, used 49070K [0x00000000c2a00000, 0x0000000100000000)
  region size 1024K, 28 young (28672K), 3 survivors (3072K)
 Metaspace       used 40418K, capacity 40827K, committed 41088K, reserved 1085440K
  class space    used 4747K, capacity 4903K, committed 4992K, reserved 1048576K
}
Event: 12.078 GC heap after
{Heap after GC invocations=9 (full 0):
 garbage-first heap   total 76800K, used 26535K [0x00000000c2a00000, 0x0000000100000000)
  region size 1024K, 3 young (3072K), 3 survivors (3072K)
 Metaspace       used 40418K, capacity 40827K, committed 41088K, reserved 1085440K
  class space    used 4747K, capacity 4903K, committed 4992K, reserved 1048576K
}
Event: 14.915 GC heap before
{Heap before GC invocations=9 (full 0):
 garbage-first heap   total 76800K, used 54183K [0x00000000c2a00000, 0x0000000100000000)
  region size 1024K, 28 young (28672K), 3 survivors (3072K)
 Metaspace       used 45661K, capacity 46141K, committed 46336K, reserved 1089536K
  class space    used 5349K, capacity 5521K, committed 5632K, reserved 1048576K
}
Event: 14.935 GC heap after
{Heap after GC invocations=10 (full 0):
 garbage-first heap   total 76800K, used 32151K [0x00000000c2a00000, 0x0000000100000000)
  region size 1024K, 4 young (4096K), 4 survivors (4096K)
 Metaspace       used 45661K, capacity 46141K, committed 46336K, reserved 1089536K
  class space    used 5349K, capacity 5521K, committed 5632K, reserved 1048576K
}
Event: 17.366 GC heap before
{Heap before GC invocations=10 (full 0):
 garbage-first heap   total 76800K, used 54679K [0x00000000c2a00000, 0x0000000100000000)
  region size 1024K, 27 young (27648K), 4 survivors (4096K)
 Metaspace       used 49721K, capacity 50331K, committed 50560K, reserved 1093632K
  class space    used 5700K, capacity 5914K, committed 6016K, reserved 1048576K
}
Event: 17.391 GC heap after
{Heap after GC invocations=11 (full 0):
 garbage-first heap   total 76800K, used 35924K [0x00000000c2a00000, 0x0000000100000000)
  region size 1024K, 4 young (4096K), 4 survivors (4096K)
 Metaspace       used 49721K, capacity 50331K, committed 50560K, reserved 1093632K
  class space    used 5700K, capacity 5914K, committed 6016K, reserved 1048576K
}
Event: 18.606 GC heap before
{Heap before GC invocations=11 (full 0):
 garbage-first heap   total 76800K, used 58452K [0x00000000c2a00000, 0x0000000100000000)
  region size 1024K, 25 young (25600K), 4 survivors (4096K)
 Metaspace       used 50142K, capacity 50716K, committed 51072K, reserved 1093632K
  class space    used 5710K, capacity 5914K, committed 6016K, reserved 1048576K
}
Event: 18.626 GC heap after
{Heap after GC invocations=12 (full 0):
 garbage-first heap   total 76800K, used 37808K [0x00000000c2a00000, 0x0000000100000000)
  region size 1024K, 2 young (2048K), 2 survivors (2048K)
 Metaspace       used 50142K, capacity 50716K, committed 51072K, reserved 1093632K
  class space    used 5710K, capacity 5914K, committed 6016K, reserved 1048576K
}
Event: 20.156 GC heap before
{Heap before GC invocations=12 (full 0):
 garbage-first heap   total 76800K, used 59312K [0x00000000c2a00000, 0x0000000100000000)
  region size 1024K, 23 young (23552K), 2 survivors (2048K)
 Metaspace       used 50447K, capacity 50973K, committed 51328K, reserved 1095680K
  class space    used 5717K, capacity 5914K, committed 6016K, reserved 1048576K
}
Event: 20.181 GC heap after
{Heap after GC invocations=13 (full 0):
 garbage-first heap   total 76800K, used 40874K [0x00000000c2a00000, 0x0000000100000000)
  region size 1024K, 3 young (3072K), 3 survivors (3072K)
 Metaspace       used 50447K, capacity 50973K, committed 51328K, reserved 1095680K
  class space    used 5717K, capacity 5914K, committed 6016K, reserved 1048576K
}
Event: 22.015 GC heap before
{Heap before GC invocations=14 (full 0):
 garbage-first heap   total 76800K, used 60330K [0x00000000c2a00000, 0x0000000100000000)
  region size 1024K, 22 young (22528K), 3 survivors (3072K)
 Metaspace       used 52565K, capacity 53189K, committed 53376K, reserved 1095680K
  class space    used 5951K, capacity 6160K, committed 6272K, reserved 1048576K
}
Event: 22.039 GC heap after
{Heap after GC invocations=15 (full 0):
 garbage-first heap   total 92160K, used 43488K [0x00000000c2a00000, 0x0000000100000000)
  region size 1024K, 3 young (3072K), 3 survivors (3072K)
 Metaspace       used 52565K, capacity 53189K, committed 53376K, reserved 1095680K
  class space    used 5951K, capacity 6160K, committed 6272K, reserved 1048576K
}
Event: 23.358 GC heap before
{Heap before GC invocations=15 (full 0):
 garbage-first heap   total 92160K, used 67040K [0x00000000c2a00000, 0x0000000100000000)
  region size 1024K, 26 young (26624K), 3 survivors (3072K)
 Metaspace       used 53249K, capacity 53865K, committed 54144K, reserved 1097728K
  class space    used 5999K, capacity 6231K, committed 6272K, reserved 1048576K
}
Event: 23.387 GC heap after
{Heap after GC invocations=16 (full 0):
 garbage-first heap   total 92160K, used 46573K [0x00000000c2a00000, 0x0000000100000000)
  region size 1024K, 3 young (3072K), 3 survivors (3072K)
 Metaspace       used 53249K, capacity 53865K, committed 54144K, reserved 1097728K
  class space    used 5999K, capacity 6231K, committed 6272K, reserved 1048576K
}
Event: 26.910 GC heap before
{Heap before GC invocations=17 (full 0):
 garbage-first heap   total 92160K, used 69101K [0x00000000c2a00000, 0x0000000100000000)
  region size 1024K, 26 young (26624K), 3 survivors (3072K)
 Metaspace       used 55101K, capacity 55768K, committed 55808K, reserved 1099776K
  class space    used 6132K, capacity 6393K, committed 6400K, reserved 1048576K
}
Event: 26.936 GC heap after
{Heap after GC invocations=18 (full 0):
 garbage-first heap   total 92160K, used 49806K [0x00000000c2a00000, 0x0000000100000000)
  region size 1024K, 3 young (3072K), 3 survivors (3072K)
 Metaspace       used 55101K, capacity 55768K, committed 55808K, reserved 1099776K
  class space    used 6132K, capacity 6393K, committed 6400K, reserved 1048576K
}
Event: 29.357 GC heap before
{Heap before GC invocations=18 (full 0):
 garbage-first heap   total 92160K, used 71310K [0x00000000c2a00000, 0x0000000100000000)
  region size 1024K, 25 young (25600K), 3 survivors (3072K)
 Metaspace       used 59284K, capacity 59910K, committed 60160K, reserved 1101824K
  class space    used 6545K, capacity 6789K, committed 6912K, reserved 1048576K
}
Event: 29.377 GC heap after
{Heap after GC invocations=19 (full 0):
 garbage-first heap   total 92160K, used 51514K [0x00000000c2a00000, 0x0000000100000000)
  region size 1024K, 2 young (2048K), 2 survivors (2048K)
 Metaspace       used 59284K, capacity 59910K, committed 60160K, reserved 1101824K
  class space    used 6545K, capacity 6789K, committed 6912K, reserved 1048576K
}

