# JRE version: OpenJDK Runtime Environment (11.0.11+9) (build 11.0.11+9-b60-7590822)
# Java VM: OpenJDK 64-Bit Server VM (11.0.11+9-b60-7590822, mixed mode, tiered, compressed oops, g1 gc, windows-amd64)
Heap:
 garbage-first heap   total 159744K, used 66877K [0x0000000080000000, 0x0000000100000000)
  region size 1024K, 6 young (6144K), 5 survivors (5120K)
 Metaspace       used 74631K, capacity 76289K, committed 76452K, reserved 1116160K
  class space    used 9635K, capacity 10253K, committed 10368K, reserved 1048576K
GC Heap History (20 events):
Event: 18.962 GC heap before
{Heap before GC invocations=14 (full 0):
 garbage-first heap   total 92160K, used 65152K [0x0000000080000000, 0x0000000100000000)
  region size 1024K, 42 young (43008K), 6 survivors (6144K)
 Metaspace       used 44356K, capacity 45458K, committed 45692K, reserved 1089536K
  class space    used 5657K, capacity 6022K, committed 6144K, reserved 1048576K
}
Event: 18.988 GC heap after
{Heap after GC invocations=15 (full 0):
 garbage-first heap   total 110592K, used 30023K [0x0000000080000000, 0x0000000100000000)
  region size 1024K, 5 young (5120K), 5 survivors (5120K)
 Metaspace       used 44356K, capacity 45458K, committed 45692K, reserved 1089536K
  class space    used 5657K, capacity 6022K, committed 6144K, reserved 1048576K
}
Event: 21.907 GC heap before
{Heap before GC invocations=15 (full 0):
 garbage-first heap   total 110592K, used 77127K [0x0000000080000000, 0x0000000100000000)
  region size 1024K, 51 young (52224K), 5 survivors (5120K)
 Metaspace       used 47712K, capacity 48920K, committed 49148K, reserved 1091584K
  class space    used 6079K, capacity 6491K, committed 6528K, reserved 1048576K
}
Event: 21.933 GC heap after
{Heap after GC invocations=16 (full 0):
 garbage-first heap   total 110592K, used 32093K [0x0000000080000000, 0x0000000100000000)
  region size 1024K, 4 young (4096K), 4 survivors (4096K)
 Metaspace       used 47712K, capacity 48920K, committed 49148K, reserved 1091584K
  class space    used 6079K, capacity 6491K, committed 6528K, reserved 1048576K
}
Event: 24.804 GC heap before
{Heap before GC invocations=16 (full 0):
 garbage-first heap   total 110592K, used 90461K [0x0000000080000000, 0x0000000100000000)
  region size 1024K, 53 young (54272K), 4 survivors (4096K)
 Metaspace       used 50365K, capacity 51647K, committed 51836K, reserved 1093632K
  class space    used 6400K, capacity 6869K, committed 6912K, reserved 1048576K
}
Event: 24.832 GC heap after
{Heap after GC invocations=17 (full 0):
 garbage-first heap   total 110592K, used 49648K [0x0000000080000000, 0x0000000100000000)
  region size 1024K, 7 young (7168K), 7 survivors (7168K)
 Metaspace       used 50365K, capacity 51647K, committed 51836K, reserved 1093632K
  class space    used 6400K, capacity 6869K, committed 6912K, reserved 1048576K
}
Event: 26.705 GC heap before
{Heap before GC invocations=17 (full 0):
 garbage-first heap   total 110592K, used 84464K [0x0000000080000000, 0x0000000100000000)
  region size 1024K, 41 young (41984K), 7 survivors (7168K)
 Metaspace       used 55221K, capacity 56537K, committed 56828K, reserved 1099776K
  class space    used 6984K, capacity 7452K, committed 7552K, reserved 1048576K
}
Event: 26.725 GC heap after
{Heap after GC invocations=18 (full 0):
 garbage-first heap   total 110592K, used 51632K [0x0000000080000000, 0x0000000100000000)
  region size 1024K, 2 young (2048K), 2 survivors (2048K)
 Metaspace       used 55221K, capacity 56537K, committed 56828K, reserved 1099776K
  class space    used 6984K, capacity 7452K, committed 7552K, reserved 1048576K
}
Event: 28.131 GC heap before
{Heap before GC invocations=18 (full 0):
 garbage-first heap   total 110592K, used 71088K [0x0000000080000000, 0x0000000100000000)
  region size 1024K, 22 young (22528K), 2 survivors (2048K)
 Metaspace       used 58443K, capacity 59867K, committed 59940K, reserved 1101824K
  class space    used 7385K, capacity 7899K, committed 7936K, reserved 1048576K
}
Event: 28.145 GC heap after
{Heap after GC invocations=19 (full 0):
 garbage-first heap   total 133120K, used 52172K [0x0000000080000000, 0x0000000100000000)
  region size 1024K, 2 young (2048K), 2 survivors (2048K)
 Metaspace       used 58443K, capacity 59867K, committed 59940K, reserved 1101824K
  class space    used 7385K, capacity 7899K, committed 7936K, reserved 1048576K
}
Event: 30.508 GC heap before
{Heap before GC invocations=20 (full 0):
 garbage-first heap   total 133120K, used 95180K [0x0000000080000000, 0x0000000100000000)
  region size 1024K, 45 young (46080K), 2 survivors (2048K)
 Metaspace       used 62892K, capacity 64359K, committed 64676K, reserved 1105920K
  class space    used 7932K, capacity 8474K, committed 8576K, reserved 1048576K
}
Event: 30.534 GC heap after
{Heap after GC invocations=21 (full 0):
 garbage-first heap   total 133120K, used 56024K [0x0000000080000000, 0x0000000100000000)
  region size 1024K, 6 young (6144K), 6 survivors (6144K)
 Metaspace       used 62892K, capacity 64359K, committed 64676K, reserved 1105920K
  class space    used 7932K, capacity 8474K, committed 8576K, reserved 1048576K
}
Event: 32.824 GC heap before
{Heap before GC invocations=21 (full 0):
 garbage-first heap   total 133120K, used 100056K [0x0000000080000000, 0x0000000100000000)
  region size 1024K, 48 young (49152K), 6 survivors (6144K)
 Metaspace       used 66738K, capacity 68236K, committed 68516K, reserved 1110016K
  class space    used 8413K, capacity 8966K, committed 9088K, reserved 1048576K
}
Event: 32.854 GC heap after
{Heap after GC invocations=22 (full 0):
 garbage-first heap   total 133120K, used 58308K [0x0000000080000000, 0x0000000100000000)
  region size 1024K, 3 young (3072K), 3 survivors (3072K)
 Metaspace       used 66738K, capacity 68236K, committed 68516K, reserved 1110016K
  class space    used 8413K, capacity 8966K, committed 9088K, reserved 1048576K
}
Event: 33.794 GC heap before
{Heap before GC invocations=22 (full 0):
 garbage-first heap   total 133120K, used 101316K [0x0000000080000000, 0x0000000100000000)
  region size 1024K, 45 young (46080K), 3 survivors (3072K)
 Metaspace       used 67367K, capacity 68965K, committed 69156K, reserved 1110016K
  class space    used 8498K, capacity 9102K, committed 9216K, reserved 1048576K
}
Event: 33.818 GC heap after
{Heap after GC invocations=23 (full 0):
 garbage-first heap   total 133120K, used 61931K [0x0000000080000000, 0x0000000100000000)
  region size 1024K, 6 young (6144K), 6 survivors (6144K)
 Metaspace       used 67367K, capacity 68965K, committed 69156K, reserved 1110016K
  class space    used 8498K, capacity 9102K, committed 9216K, reserved 1048576K
}
Event: 35.689 GC heap before
{Heap before GC invocations=23 (full 0):
 garbage-first heap   total 133120K, used 103915K [0x0000000080000000, 0x0000000100000000)
  region size 1024K, 47 young (48128K), 6 survivors (6144K)
 Metaspace       used 70895K, capacity 72516K, committed 72740K, reserved 1112064K
  class space    used 9097K, capacity 9688K, committed 9728K, reserved 1048576K
}
Event: 35.719 GC heap after
{Heap after GC invocations=24 (full 0):
 garbage-first heap   total 133120K, used 64312K [0x0000000080000000, 0x0000000100000000)
  region size 1024K, 3 young (3072K), 3 survivors (3072K)
 Metaspace       used 70895K, capacity 72516K, committed 72740K, reserved 1112064K
  class space    used 9097K, capacity 9688K, committed 9728K, reserved 1048576K
}
Event: 38.401 GC heap before
{Heap before GC invocations=24 (full 0):
 garbage-first heap   total 133120K, used 105272K [0x0000000080000000, 0x0000000100000000)
  region size 1024K, 43 young (44032K), 3 survivors (3072K)
 Metaspace       used 74626K, capacity 76286K, committed 76452K, reserved 1116160K
  class space    used 9634K, capacity 10252K, committed 10368K, reserved 1048576K
}
Event: 38.431 GC heap after
{Heap after GC invocations=25 (full 0):
 garbage-first heap   total 159744K, used 66877K [0x0000000080000000, 0x0000000100000000)
  region size 1024K, 5 young (5120K), 5 survivors (5120K)
 Metaspace       used 74626K, capacity 76286K, committed 76452K, reserved 1116160K
  class space    used 9634K, capacity 10252K, committed 10368K, reserved 1048576K
}

