# JRE version: OpenJDK Runtime Environment (11.0.11+9) (build 11.0.11+9-b60-7590822)
# Java VM: OpenJDK 64-Bit Server VM (11.0.11+9-b60-7590822, mixed mode, tiered, compressed oops, g1 gc, windows-amd64)
Heap:
 garbage-first heap   total 92160K, used 52515K [0x0000000080000000, 0x0000000100000000)
  region size 1024K, 2 young (2048K), 2 survivors (2048K)
 Metaspace       used 56294K, capacity 57751K, committed 57980K, reserved 1099776K
  class space    used 7112K, capacity 7620K, committed 7680K, reserved 1048576K
GC Heap History (20 events):
Event: 62.518 GC heap after
{Heap after GC invocations=38 (full 0):
 garbage-first heap   total 63488K, used 50914K [0x0000000080000000, 0x0000000100000000)
  region size 1024K, 1 young (1024K), 1 survivors (1024K)
 Metaspace       used 49413K, capacity 50720K, committed 50940K, reserved 1093632K
  class space    used 6289K, capacity 6770K, committed 6784K, reserved 1048576K
}
Event: 62.614 GC heap before
{Heap before GC invocations=38 (full 0):
 garbage-first heap   total 63488K, used 52962K [0x0000000080000000, 0x0000000100000000)
  region size 1024K, 3 young (3072K), 1 survivors (1024K)
 Metaspace       used 49716K, capacity 50976K, committed 51196K, reserved 1093632K
  class space    used 6314K, capacity 6770K, committed 6784K, reserved 1048576K
}
Event: 62.620 GC heap after
{Heap after GC invocations=39 (full 0):
 garbage-first heap   total 63488K, used 50929K [0x0000000080000000, 0x0000000100000000)
  region size 1024K, 1 young (1024K), 1 survivors (1024K)
 Metaspace       used 49716K, capacity 50976K, committed 51196K, reserved 1093632K
  class space    used 6314K, capacity 6770K, committed 6784K, reserved 1048576K
}
Event: 62.931 GC heap before
{Heap before GC invocations=40 (full 0):
 garbage-first heap   total 63488K, used 52977K [0x0000000080000000, 0x0000000100000000)
  region size 1024K, 3 young (3072K), 1 survivors (1024K)
 Metaspace       used 50007K, capacity 51264K, committed 51580K, reserved 1093632K
  class space    used 6350K, capacity 6802K, committed 6912K, reserved 1048576K
}
Event: 62.939 GC heap after
{Heap after GC invocations=41 (full 0):
 garbage-first heap   total 63488K, used 51012K [0x0000000080000000, 0x0000000100000000)
  region size 1024K, 1 young (1024K), 1 survivors (1024K)
 Metaspace       used 50007K, capacity 51264K, committed 51580K, reserved 1093632K
  class space    used 6350K, capacity 6802K, committed 6912K, reserved 1048576K
}
Event: 63.106 GC heap before
{Heap before GC invocations=41 (full 0):
 garbage-first heap   total 63488K, used 53060K [0x0000000080000000, 0x0000000100000000)
  region size 1024K, 3 young (3072K), 1 survivors (1024K)
 Metaspace       used 50256K, capacity 51529K, committed 51580K, reserved 1093632K
  class space    used 6388K, capacity 6869K, committed 6912K, reserved 1048576K
}
Event: 63.110 GC heap after
{Heap after GC invocations=42 (full 0):
 garbage-first heap   total 63488K, used 51008K [0x0000000080000000, 0x0000000100000000)
  region size 1024K, 1 young (1024K), 1 survivors (1024K)
 Metaspace       used 50256K, capacity 51529K, committed 51580K, reserved 1093632K
  class space    used 6388K, capacity 6869K, committed 6912K, reserved 1048576K
}
Event: 63.415 GC heap before
{Heap before GC invocations=43 (full 0):
 garbage-first heap   total 63488K, used 53056K [0x0000000080000000, 0x0000000100000000)
  region size 1024K, 3 young (3072K), 1 survivors (1024K)
 Metaspace       used 50525K, capacity 51828K, committed 51836K, reserved 1093632K
  class space    used 6412K, capacity 6906K, committed 6912K, reserved 1048576K
}
Event: 63.421 GC heap after
{Heap after GC invocations=44 (full 0):
 garbage-first heap   total 63488K, used 51243K [0x0000000080000000, 0x0000000100000000)
  region size 1024K, 1 young (1024K), 1 survivors (1024K)
 Metaspace       used 50525K, capacity 51828K, committed 51836K, reserved 1093632K
  class space    used 6412K, capacity 6906K, committed 6912K, reserved 1048576K
}
Event: 63.583 GC heap before
{Heap before GC invocations=44 (full 0):
 garbage-first heap   total 63488K, used 53291K [0x0000000080000000, 0x0000000100000000)
  region size 1024K, 3 young (3072K), 1 survivors (1024K)
 Metaspace       used 50781K, capacity 52087K, committed 52092K, reserved 1095680K
  class space    used 6440K, capacity 6907K, committed 6912K, reserved 1048576K
}
Event: 63.589 GC heap after
{Heap after GC invocations=45 (full 0):
 garbage-first heap   total 63488K, used 51111K [0x0000000080000000, 0x0000000100000000)
  region size 1024K, 1 young (1024K), 1 survivors (1024K)
 Metaspace       used 50781K, capacity 52087K, committed 52092K, reserved 1095680K
  class space    used 6440K, capacity 6907K, committed 6912K, reserved 1048576K
}
Event: 64.516 GC heap before
{Heap before GC invocations=46 (full 0):
 garbage-first heap   total 63488K, used 53159K [0x0000000080000000, 0x0000000100000000)
  region size 1024K, 3 young (3072K), 1 survivors (1024K)
 Metaspace       used 50990K, capacity 52285K, committed 52476K, reserved 1095680K
  class space    used 6471K, capacity 6973K, committed 7040K, reserved 1048576K
}
Event: 64.523 GC heap after
{Heap after GC invocations=47 (full 0):
 garbage-first heap   total 76800K, used 51182K [0x0000000080000000, 0x0000000100000000)
  region size 1024K, 1 young (1024K), 1 survivors (1024K)
 Metaspace       used 50990K, capacity 52285K, committed 52476K, reserved 1095680K
  class space    used 6471K, capacity 6973K, committed 7040K, reserved 1048576K
}
Event: 65.337 GC heap before
{Heap before GC invocations=47 (full 0):
 garbage-first heap   total 76800K, used 58350K [0x0000000080000000, 0x0000000100000000)
  region size 1024K, 9 young (9216K), 1 survivors (1024K)
 Metaspace       used 52030K, capacity 53311K, committed 53628K, reserved 1095680K
  class space    used 6604K, capacity 7077K, committed 7168K, reserved 1048576K
}
Event: 65.346 GC heap after
{Heap after GC invocations=48 (full 0):
 garbage-first heap   total 76800K, used 51431K [0x0000000080000000, 0x0000000100000000)
  region size 1024K, 1 young (1024K), 1 survivors (1024K)
 Metaspace       used 52030K, capacity 53311K, committed 53628K, reserved 1095680K
  class space    used 6604K, capacity 7077K, committed 7168K, reserved 1048576K
}
Event: 67.061 GC heap before
{Heap before GC invocations=49 (full 0):
 garbage-first heap   total 76800K, used 60647K [0x0000000080000000, 0x0000000100000000)
  region size 1024K, 10 young (10240K), 1 survivors (1024K)
 Metaspace       used 53246K, capacity 54594K, committed 54780K, reserved 1097728K
  class space    used 6755K, capacity 7272K, committed 7296K, reserved 1048576K
}
Event: 67.070 GC heap after
{Heap after GC invocations=50 (full 0):
 garbage-first heap   total 76800K, used 51778K [0x0000000080000000, 0x0000000100000000)
  region size 1024K, 1 young (1024K), 1 survivors (1024K)
 Metaspace       used 53246K, capacity 54594K, committed 54780K, reserved 1097728K
  class space    used 6755K, capacity 7272K, committed 7296K, reserved 1048576K
}
Event: 70.676 GC heap before
{Heap before GC invocations=50 (full 0):
 garbage-first heap   total 76800K, used 60994K [0x0000000080000000, 0x0000000100000000)
  region size 1024K, 10 young (10240K), 1 survivors (1024K)
 Metaspace       used 54543K, capacity 55939K, committed 56188K, reserved 1097728K
  class space    used 6937K, capacity 7420K, committed 7424K, reserved 1048576K
}
Event: 70.686 GC heap after
{Heap after GC invocations=51 (full 0):
 garbage-first heap   total 76800K, used 52219K [0x0000000080000000, 0x0000000100000000)
  region size 1024K, 2 young (2048K), 2 survivors (2048K)
 Metaspace       used 54543K, capacity 55939K, committed 56188K, reserved 1097728K
  class space    used 6937K, capacity 7420K, committed 7424K, reserved 1048576K
}
Event: 72.668 GC heap before
{Heap before GC invocations=52 (full 0):
 garbage-first heap   total 76800K, used 61435K [0x0000000080000000, 0x0000000100000000)
  region size 1024K, 11 young (11264K), 2 survivors (2048K)
 Metaspace       used 56294K, capacity 57751K, committed 57980K, reserved 1099776K
  class space    used 7112K, capacity 7620K, committed 7680K, reserved 1048576K
}

