# JRE version: OpenJDK Runtime Environment (11.0.11+9) (build 11.0.11+9-b60-7590822)
# Java VM: OpenJDK 64-Bit Server VM (11.0.11+9-b60-7590822, mixed mode, tiered, compressed oops, g1 gc, windows-amd64)
Heap:
 garbage-first heap   total 159744K, used 120089K [0x0000000080000000, 0x0000000100000000)
  region size 1024K, 18 young (18432K), 3 survivors (3072K)
 Metaspace       used 114457K, capacity 117352K, committed 117628K, reserved 1150976K
  class space    used 14423K, capacity 15508K, committed 15616K, reserved 1048576K
GC Heap History (20 events):
Event: 366.466 GC heap before
{Heap before GC invocations=57 (full 0):
 garbage-first heap   total 159744K, used 131266K [0x0000000080000000, 0x0000000100000000)
  region size 1024K, 45 young (46080K), 3 survivors (3072K)
 Metaspace       used 98826K, capacity 101155K, committed 101500K, reserved 1138688K
  class space    used 12339K, capacity 13202K, committed 13312K, reserved 1048576K
}
Event: 366.490 GC heap after
{Heap after GC invocations=58 (full 0):
 garbage-first heap   total 159744K, used 89058K [0x0000000080000000, 0x0000000100000000)
  region size 1024K, 3 young (3072K), 3 survivors (3072K)
 Metaspace       used 98826K, capacity 101155K, committed 101500K, reserved 1138688K
  class space    used 12339K, capacity 13202K, committed 13312K, reserved 1048576K
}
Event: 366.989 GC heap before
{Heap before GC invocations=58 (full 0):
 garbage-first heap   total 159744K, used 93154K [0x0000000080000000, 0x0000000100000000)
  region size 1024K, 7 young (7168K), 3 survivors (3072K)
 Metaspace       used 99057K, capacity 101353K, committed 101500K, reserved 1138688K
  class space    used 12345K, capacity 13202K, committed 13312K, reserved 1048576K
}
Event: 367.030 GC heap after
{Heap after GC invocations=59 (full 0):
 garbage-first heap   total 159744K, used 88327K [0x0000000080000000, 0x0000000100000000)
  region size 1024K, 1 young (1024K), 1 survivors (1024K)
 Metaspace       used 99057K, capacity 101353K, committed 101500K, reserved 1138688K
  class space    used 12345K, capacity 13202K, committed 13312K, reserved 1048576K
}
Event: 373.785 GC heap before
{Heap before GC invocations=59 (full 0):
 garbage-first heap   total 159744K, used 130311K [0x0000000080000000, 0x0000000100000000)
  region size 1024K, 43 young (44032K), 1 survivors (1024K)
 Metaspace       used 101792K, capacity 104183K, committed 104316K, reserved 1140736K
  class space    used 12655K, capacity 13508K, committed 13568K, reserved 1048576K
}
Event: 373.818 GC heap after
{Heap after GC invocations=60 (full 0):
 garbage-first heap   total 159744K, used 91666K [0x0000000080000000, 0x0000000100000000)
  region size 1024K, 5 young (5120K), 5 survivors (5120K)
 Metaspace       used 101792K, capacity 104183K, committed 104316K, reserved 1140736K
  class space    used 12655K, capacity 13508K, committed 13568K, reserved 1048576K
}
Event: 444.452 GC heap before
{Heap before GC invocations=61 (full 0):
 garbage-first heap   total 159744K, used 132626K [0x0000000080000000, 0x0000000100000000)
  region size 1024K, 45 young (46080K), 5 survivors (5120K)
 Metaspace       used 105093K, capacity 107659K, committed 108028K, reserved 1142784K
  class space    used 13132K, capacity 14088K, committed 14208K, reserved 1048576K
}
Event: 444.511 GC heap after
{Heap after GC invocations=62 (full 0):
 garbage-first heap   total 159744K, used 95383K [0x0000000080000000, 0x0000000100000000)
  region size 1024K, 4 young (4096K), 4 survivors (4096K)
 Metaspace       used 105093K, capacity 107659K, committed 108028K, reserved 1142784K
  class space    used 13132K, capacity 14088K, committed 14208K, reserved 1048576K
}
Event: 445.244 GC heap before
{Heap before GC invocations=62 (full 0):
 garbage-first heap   total 159744K, used 98455K [0x0000000080000000, 0x0000000100000000)
  region size 1024K, 7 young (7168K), 4 survivors (4096K)
 Metaspace       used 105111K, capacity 107660K, committed 108028K, reserved 1142784K
  class space    used 13133K, capacity 14088K, committed 14208K, reserved 1048576K
}
Event: 445.283 GC heap after
{Heap after GC invocations=63 (full 0):
 garbage-first heap   total 159744K, used 94863K [0x0000000080000000, 0x0000000100000000)
  region size 1024K, 1 young (1024K), 1 survivors (1024K)
 Metaspace       used 105111K, capacity 107660K, committed 108028K, reserved 1142784K
  class space    used 13133K, capacity 14088K, committed 14208K, reserved 1048576K
}
Event: 934.733 GC heap before
{Heap before GC invocations=63 (full 0):
 garbage-first heap   total 159744K, used 132751K [0x0000000080000000, 0x0000000100000000)
  region size 1024K, 39 young (39936K), 1 survivors (1024K)
 Metaspace       used 105432K, capacity 107960K, committed 108284K, reserved 1142784K
  class space    used 13154K, capacity 14113K, committed 14208K, reserved 1048576K
}
Event: 934.783 GC heap after
{Heap after GC invocations=64 (full 0):
 garbage-first heap   total 159744K, used 96818K [0x0000000080000000, 0x0000000100000000)
  region size 1024K, 3 young (3072K), 3 survivors (3072K)
 Metaspace       used 105432K, capacity 107960K, committed 108284K, reserved 1142784K
  class space    used 13154K, capacity 14113K, committed 14208K, reserved 1048576K
}
Event: 1007.600 GC heap before
{Heap before GC invocations=65 (full 0):
 garbage-first heap   total 159744K, used 133682K [0x0000000080000000, 0x0000000100000000)
  region size 1024K, 40 young (40960K), 3 survivors (3072K)
 Metaspace       used 105929K, capacity 108476K, committed 108796K, reserved 1144832K
  class space    used 13185K, capacity 14125K, committed 14208K, reserved 1048576K
}
Event: 1007.678 GC heap after
{Heap after GC invocations=66 (full 0):
 garbage-first heap   total 159744K, used 100906K [0x0000000080000000, 0x0000000100000000)
  region size 1024K, 5 young (5120K), 5 survivors (5120K)
 Metaspace       used 105929K, capacity 108476K, committed 108796K, reserved 1144832K
  class space    used 13185K, capacity 14125K, committed 14208K, reserved 1048576K
}
Event: 1007.917 GC heap before
{Heap before GC invocations=66 (full 0):
 garbage-first heap   total 159744K, used 101930K [0x0000000080000000, 0x0000000100000000)
  region size 1024K, 7 young (7168K), 5 survivors (5120K)
 Metaspace       used 105998K, capacity 108540K, committed 108796K, reserved 1144832K
  class space    used 13189K, capacity 14125K, committed 14208K, reserved 1048576K
}
Event: 1008.046 GC heap after
{Heap after GC invocations=67 (full 0):
 garbage-first heap   total 159744K, used 100197K [0x0000000080000000, 0x0000000100000000)
  region size 1024K, 1 young (1024K), 1 survivors (1024K)
 Metaspace       used 105998K, capacity 108540K, committed 108796K, reserved 1144832K
  class space    used 13189K, capacity 14125K, committed 14208K, reserved 1048576K
}
Event: 1009.803 GC heap before
{Heap before GC invocations=67 (full 0):
 garbage-first heap   total 159744K, used 133989K [0x0000000080000000, 0x0000000100000000)
  region size 1024K, 34 young (34816K), 1 survivors (1024K)
 Metaspace       used 107070K, capacity 109791K, committed 109948K, reserved 1144832K
  class space    used 13315K, capacity 14285K, committed 14336K, reserved 1048576K
}
Event: 1009.837 GC heap after
{Heap after GC invocations=68 (full 0):
 garbage-first heap   total 159744K, used 103189K [0x0000000080000000, 0x0000000100000000)
  region size 1024K, 4 young (4096K), 4 survivors (4096K)
 Metaspace       used 107070K, capacity 109791K, committed 109948K, reserved 1144832K
  class space    used 13315K, capacity 14285K, committed 14336K, reserved 1048576K
}
Event: 1013.140 GC heap before
{Heap before GC invocations=68 (full 0):
 garbage-first heap   total 159744K, used 132885K [0x0000000080000000, 0x0000000100000000)
  region size 1024K, 34 young (34816K), 4 survivors (4096K)
 Metaspace       used 111200K, capacity 113990K, committed 114172K, reserved 1148928K
  class space    used 13892K, capacity 14894K, committed 14976K, reserved 1048576K
}
Event: 1013.176 GC heap after
{Heap after GC invocations=69 (full 0):
 garbage-first heap   total 159744K, used 105753K [0x0000000080000000, 0x0000000100000000)
  region size 1024K, 3 young (3072K), 3 survivors (3072K)
 Metaspace       used 111200K, capacity 113990K, committed 114172K, reserved 1148928K
  class space    used 13892K, capacity 14894K, committed 14976K, reserved 1048576K
}

