# JRE version: OpenJDK Runtime Environment (11.0.11+9) (build 11.0.11+9-b60-7590822)
# Java VM: OpenJDK 64-Bit Server VM (11.0.11+9-b60-7590822, mixed mode, tiered, compressed oops, g1 gc, windows-amd64)
Heap:
 garbage-first heap   total 159744K, used 73040K [0x0000000080000000, 0x0000000100000000)
  region size 1024K, 5 young (5120K), 5 survivors (5120K)
 Metaspace       used 81613K, capacity 83508K, committed 83748K, reserved 1122304K
  class space    used 10582K, capacity 11263K, committed 11264K, reserved 1048576K
GC Heap History (20 events):
Event: 27.320 GC heap after
{Heap after GC invocations=19 (full 0):
 garbage-first heap   total 110592K, used 52934K [0x0000000080000000, 0x0000000100000000)
  region size 1024K, 2 young (2048K), 2 survivors (2048K)
 Metaspace       used 54719K, capacity 56002K, committed 56188K, reserved 1097728K
  class space    used 6949K, capacity 7423K, committed 7424K, reserved 1048576K
}
Event: 28.677 GC heap before
{Heap before GC invocations=19 (full 0):
 garbage-first heap   total 110592K, used 74438K [0x0000000080000000, 0x0000000100000000)
  region size 1024K, 24 young (24576K), 2 survivors (2048K)
 Metaspace       used 58433K, capacity 59905K, committed 59940K, reserved 1101824K
  class space    used 7388K, capacity 7933K, committed 7936K, reserved 1048576K
}
Event: 28.689 GC heap after
{Heap after GC invocations=20 (full 0):
 garbage-first heap   total 110592K, used 53248K [0x0000000080000000, 0x0000000100000000)
  region size 1024K, 2 young (2048K), 2 survivors (2048K)
 Metaspace       used 58433K, capacity 59905K, committed 59940K, reserved 1101824K
  class space    used 7388K, capacity 7933K, committed 7936K, reserved 1048576K
}
Event: 30.494 GC heap before
{Heap before GC invocations=21 (full 0):
 garbage-first heap   total 110592K, used 86016K [0x0000000080000000, 0x0000000100000000)
  region size 1024K, 35 young (35840K), 2 survivors (2048K)
 Metaspace       used 62064K, capacity 63586K, committed 63780K, reserved 1105920K
  class space    used 7837K, capacity 8407K, committed 8448K, reserved 1048576K
}
Event: 30.515 GC heap after
{Heap after GC invocations=22 (full 0):
 garbage-first heap   total 110592K, used 56416K [0x0000000080000000, 0x0000000100000000)
  region size 1024K, 5 young (5120K), 5 survivors (5120K)
 Metaspace       used 62064K, capacity 63586K, committed 63780K, reserved 1105920K
  class space    used 7837K, capacity 8407K, committed 8448K, reserved 1048576K
}
Event: 31.626 GC heap before
{Heap before GC invocations=22 (full 0):
 garbage-first heap   total 110592K, used 79968K [0x0000000080000000, 0x0000000100000000)
  region size 1024K, 29 young (29696K), 5 survivors (5120K)
 Metaspace       used 64140K, capacity 65653K, committed 65828K, reserved 1105920K
  class space    used 8097K, capacity 8646K, committed 8704K, reserved 1048576K
}
Event: 31.646 GC heap after
{Heap after GC invocations=23 (full 0):
 garbage-first heap   total 110592K, used 58254K [0x0000000080000000, 0x0000000100000000)
  region size 1024K, 2 young (2048K), 2 survivors (2048K)
 Metaspace       used 64140K, capacity 65653K, committed 65828K, reserved 1105920K
  class space    used 8097K, capacity 8646K, committed 8704K, reserved 1048576K
}
Event: 33.320 GC heap before
{Heap before GC invocations=24 (full 0):
 garbage-first heap   total 110592K, used 86926K [0x0000000080000000, 0x0000000100000000)
  region size 1024K, 29 young (29696K), 2 survivors (2048K)
 Metaspace       used 66708K, capacity 68172K, committed 68516K, reserved 1110016K
  class space    used 8415K, capacity 8966K, committed 9088K, reserved 1048576K
}
Event: 33.335 GC heap after
{Heap after GC invocations=25 (full 0):
 garbage-first heap   total 110592K, used 59119K [0x0000000080000000, 0x0000000100000000)
  region size 1024K, 3 young (3072K), 3 survivors (3072K)
 Metaspace       used 66708K, capacity 68172K, committed 68516K, reserved 1110016K
  class space    used 8415K, capacity 8966K, committed 9088K, reserved 1048576K
}
Event: 33.961 GC heap before
{Heap before GC invocations=25 (full 0):
 garbage-first heap   total 110592K, used 86767K [0x0000000080000000, 0x0000000100000000)
  region size 1024K, 30 young (30720K), 3 survivors (3072K)
 Metaspace       used 67133K, capacity 68836K, committed 69156K, reserved 1110016K
  class space    used 8489K, capacity 9102K, committed 9216K, reserved 1048576K
}
Event: 33.983 GC heap after
{Heap after GC invocations=26 (full 0):
 garbage-first heap   total 110592K, used 61732K [0x0000000080000000, 0x0000000100000000)
  region size 1024K, 4 young (4096K), 4 survivors (4096K)
 Metaspace       used 67133K, capacity 68836K, committed 69156K, reserved 1110016K
  class space    used 8489K, capacity 9102K, committed 9216K, reserved 1048576K
}
Event: 34.713 GC heap before
{Heap before GC invocations=27 (full 0):
 garbage-first heap   total 110592K, used 89380K [0x0000000080000000, 0x0000000100000000)
  region size 1024K, 31 young (31744K), 4 survivors (4096K)
 Metaspace       used 67369K, capacity 68969K, committed 69156K, reserved 1110016K
  class space    used 8506K, capacity 9103K, committed 9216K, reserved 1048576K
}
Event: 34.737 GC heap after
{Heap after GC invocations=28 (full 0):
 garbage-first heap   total 133120K, used 64075K [0x0000000080000000, 0x0000000100000000)
  region size 1024K, 3 young (3072K), 3 survivors (3072K)
 Metaspace       used 67369K, capacity 68969K, committed 69156K, reserved 1110016K
  class space    used 8506K, capacity 9103K, committed 9216K, reserved 1048576K
}
Event: 36.847 GC heap before
{Heap before GC invocations=28 (full 0):
 garbage-first heap   total 133120K, used 98891K [0x0000000080000000, 0x0000000100000000)
  region size 1024K, 37 young (37888K), 3 survivors (3072K)
 Metaspace       used 71468K, capacity 73079K, committed 73380K, reserved 1114112K
  class space    used 9200K, capacity 9789K, committed 9856K, reserved 1048576K
}
Event: 36.867 GC heap after
{Heap after GC invocations=29 (full 0):
 garbage-first heap   total 133120K, used 65787K [0x0000000080000000, 0x0000000100000000)
  region size 1024K, 4 young (4096K), 4 survivors (4096K)
 Metaspace       used 71468K, capacity 73079K, committed 73380K, reserved 1114112K
  class space    used 9200K, capacity 9789K, committed 9856K, reserved 1048576K
}
Event: 39.150 GC heap before
{Heap before GC invocations=30 (full 0):
 garbage-first heap   total 133120K, used 101627K [0x0000000080000000, 0x0000000100000000)
  region size 1024K, 39 young (39936K), 4 survivors (4096K)
 Metaspace       used 74567K, capacity 76286K, committed 76452K, reserved 1116160K
  class space    used 9633K, capacity 10252K, committed 10368K, reserved 1048576K
}
Event: 39.194 GC heap after
{Heap after GC invocations=31 (full 0):
 garbage-first heap   total 133120K, used 68520K [0x0000000080000000, 0x0000000100000000)
  region size 1024K, 5 young (5120K), 5 survivors (5120K)
 Metaspace       used 74567K, capacity 76286K, committed 76452K, reserved 1116160K
  class space    used 9633K, capacity 10252K, committed 10368K, reserved 1048576K
}
Event: 41.614 GC heap before
{Heap before GC invocations=31 (full 0):
 garbage-first heap   total 133120K, used 103336K [0x0000000080000000, 0x0000000100000000)
  region size 1024K, 39 young (39936K), 5 survivors (5120K)
 Metaspace       used 78926K, capacity 80692K, committed 80932K, reserved 1120256K
  class space    used 10250K, capacity 10895K, committed 11008K, reserved 1048576K
}
Event: 41.643 GC heap after
{Heap after GC invocations=32 (full 0):
 garbage-first heap   total 133120K, used 69801K [0x0000000080000000, 0x0000000100000000)
  region size 1024K, 4 young (4096K), 4 survivors (4096K)
 Metaspace       used 78926K, capacity 80692K, committed 80932K, reserved 1120256K
  class space    used 10250K, capacity 10895K, committed 11008K, reserved 1048576K
}
Event: 44.039 GC heap before
{Heap before GC invocations=33 (full 0):
 garbage-first heap   total 133120K, used 105641K [0x0000000080000000, 0x0000000100000000)
  region size 1024K, 39 young (39936K), 4 survivors (4096K)
 Metaspace       used 81613K, capacity 83508K, committed 83748K, reserved 1122304K
  class space    used 10582K, capacity 11263K, committed 11264K, reserved 1048576K
}

