# JRE version: OpenJDK Runtime Environment (11.0.11+9) (build 11.0.11+9-b60-7590822)
# Java VM: OpenJDK 64-Bit Server VM (11.0.11+9-b60-7590822, mixed mode, tiered, compressed oops, g1 gc, windows-amd64)
Heap:
 garbage-first heap   total 133120K, used 81742K [0x0000000080000000, 0x0000000100000000)
  region size 1024K, 17 young (17408K), 4 survivors (4096K)
 Metaspace       used 74913K, capacity 76627K, committed 76796K, reserved 1116160K
  class space    used 9680K, capacity 10322K, committed 10368K, reserved 1048576K
GC Heap History (20 events):
Event: 42.157 GC heap before
{Heap before GC invocations=39 (full 0):
 garbage-first heap   total 92160K, used 67769K [0x0000000080000000, 0x0000000100000000)
  region size 1024K, 18 young (18432K), 2 survivors (2048K)
 Metaspace       used 60464K, capacity 61986K, committed 62076K, reserved 1103872K
  class space    used 7639K, capacity 8178K, committed 8192K, reserved 1048576K
}
Event: 42.180 GC heap after
{Heap after GC invocations=40 (full 0):
 garbage-first heap   total 92160K, used 57179K [0x0000000080000000, 0x0000000100000000)
  region size 1024K, 3 young (3072K), 3 survivors (3072K)
 Metaspace       used 60464K, capacity 61986K, committed 62076K, reserved 1103872K
  class space    used 7639K, capacity 8178K, committed 8192K, reserved 1048576K
}
Event: 43.044 GC heap before
{Heap before GC invocations=40 (full 0):
 garbage-first heap   total 92160K, used 71515K [0x0000000080000000, 0x0000000100000000)
  region size 1024K, 17 young (17408K), 3 survivors (3072K)
 Metaspace       used 62235K, capacity 63780K, committed 63868K, reserved 1105920K
  class space    used 7847K, capacity 8407K, committed 8448K, reserved 1048576K
}
Event: 43.071 GC heap after
{Heap after GC invocations=41 (full 0):
 garbage-first heap   total 92160K, used 58186K [0x0000000080000000, 0x0000000100000000)
  region size 1024K, 2 young (2048K), 2 survivors (2048K)
 Metaspace       used 62235K, capacity 63780K, committed 63868K, reserved 1105920K
  class space    used 7847K, capacity 8407K, committed 8448K, reserved 1048576K
}
Event: 43.928 GC heap before
{Heap before GC invocations=42 (full 0):
 garbage-first heap   total 92160K, used 71498K [0x0000000080000000, 0x0000000100000000)
  region size 1024K, 15 young (15360K), 2 survivors (2048K)
 Metaspace       used 63276K, capacity 64802K, committed 65020K, reserved 1105920K
  class space    used 7968K, capacity 8512K, committed 8576K, reserved 1048576K
}
Event: 43.938 GC heap after
{Heap after GC invocations=43 (full 0):
 garbage-first heap   total 92160K, used 58839K [0x0000000080000000, 0x0000000100000000)
  region size 1024K, 2 young (2048K), 2 survivors (2048K)
 Metaspace       used 63276K, capacity 64802K, committed 65020K, reserved 1105920K
  class space    used 7968K, capacity 8512K, committed 8576K, reserved 1048576K
}
Event: 44.426 GC heap before
{Heap before GC invocations=43 (full 0):
 garbage-first heap   total 92160K, used 67031K [0x0000000080000000, 0x0000000100000000)
  region size 1024K, 11 young (11264K), 2 survivors (2048K)
 Metaspace       used 64142K, capacity 65590K, committed 65660K, reserved 1105920K
  class space    used 8091K, capacity 8646K, committed 8704K, reserved 1048576K
}
Event: 44.437 GC heap after
{Heap after GC invocations=44 (full 0):
 garbage-first heap   total 110592K, used 59662K [0x0000000080000000, 0x0000000100000000)
  region size 1024K, 2 young (2048K), 2 survivors (2048K)
 Metaspace       used 64142K, capacity 65590K, committed 65660K, reserved 1105920K
  class space    used 8091K, capacity 8646K, committed 8704K, reserved 1048576K
}
Event: 45.773 GC heap before
{Heap before GC invocations=45 (full 0):
 garbage-first heap   total 110592K, used 81166K [0x0000000080000000, 0x0000000100000000)
  region size 1024K, 22 young (22528K), 2 survivors (2048K)
 Metaspace       used 66217K, capacity 67675K, committed 67708K, reserved 1107968K
  class space    used 8360K, capacity 8932K, committed 8960K, reserved 1048576K
}
Event: 45.785 GC heap after
{Heap after GC invocations=46 (full 0):
 garbage-first heap   total 110592K, used 60125K [0x0000000080000000, 0x0000000100000000)
  region size 1024K, 2 young (2048K), 2 survivors (2048K)
 Metaspace       used 66217K, capacity 67675K, committed 67708K, reserved 1107968K
  class space    used 8360K, capacity 8932K, committed 8960K, reserved 1048576K
}
Event: 46.628 GC heap before
{Heap before GC invocations=46 (full 0):
 garbage-first heap   total 110592K, used 81629K [0x0000000080000000, 0x0000000100000000)
  region size 1024K, 23 young (23552K), 2 survivors (2048K)
 Metaspace       used 67116K, capacity 68802K, committed 68860K, reserved 1110016K
  class space    used 8480K, capacity 9069K, committed 9088K, reserved 1048576K
}
Event: 46.646 GC heap after
{Heap after GC invocations=47 (full 0):
 garbage-first heap   total 110592K, used 61959K [0x0000000080000000, 0x0000000100000000)
  region size 1024K, 3 young (3072K), 3 survivors (3072K)
 Metaspace       used 67116K, capacity 68802K, committed 68860K, reserved 1110016K
  class space    used 8480K, capacity 9069K, committed 9088K, reserved 1048576K
}
Event: 47.998 GC heap before
{Heap before GC invocations=48 (full 0):
 garbage-first heap   total 110592K, used 84487K [0x0000000080000000, 0x0000000100000000)
  region size 1024K, 25 young (25600K), 3 survivors (3072K)
 Metaspace       used 67146K, capacity 68836K, committed 68988K, reserved 1110016K
  class space    used 8486K, capacity 9103K, committed 9216K, reserved 1048576K
}
Event: 48.018 GC heap after
{Heap after GC invocations=49 (full 0):
 garbage-first heap   total 110592K, used 63737K [0x0000000080000000, 0x0000000100000000)
  region size 1024K, 4 young (4096K), 4 survivors (4096K)
 Metaspace       used 67146K, capacity 68836K, committed 68988K, reserved 1110016K
  class space    used 8486K, capacity 9103K, committed 9216K, reserved 1048576K
}
Event: 48.416 GC heap before
{Heap before GC invocations=49 (full 0):
 garbage-first heap   total 110592K, used 85241K [0x0000000080000000, 0x0000000100000000)
  region size 1024K, 25 young (25600K), 4 survivors (4096K)
 Metaspace       used 67407K, capacity 68972K, committed 69244K, reserved 1110016K
  class space    used 8506K, capacity 9105K, committed 9216K, reserved 1048576K
}
Event: 48.435 GC heap after
{Heap after GC invocations=50 (full 0):
 garbage-first heap   total 133120K, used 65509K [0x0000000080000000, 0x0000000100000000)
  region size 1024K, 4 young (4096K), 4 survivors (4096K)
 Metaspace       used 67407K, capacity 68972K, committed 69244K, reserved 1110016K
  class space    used 8506K, capacity 9105K, committed 9216K, reserved 1048576K
}
Event: 50.802 GC heap before
{Heap before GC invocations=51 (full 0):
 garbage-first heap   total 133120K, used 96229K [0x0000000080000000, 0x0000000100000000)
  region size 1024K, 34 young (34816K), 4 survivors (4096K)
 Metaspace       used 71166K, capacity 72784K, committed 72956K, reserved 1112064K
  class space    used 9145K, capacity 9757K, committed 9856K, reserved 1048576K
}
Event: 50.825 GC heap after
{Heap after GC invocations=52 (full 0):
 garbage-first heap   total 133120K, used 67333K [0x0000000080000000, 0x0000000100000000)
  region size 1024K, 4 young (4096K), 4 survivors (4096K)
 Metaspace       used 71166K, capacity 72784K, committed 72956K, reserved 1112064K
  class space    used 9145K, capacity 9757K, committed 9856K, reserved 1048576K
}
Event: 52.728 GC heap before
{Heap before GC invocations=52 (full 0):
 garbage-first heap   total 133120K, used 99077K [0x0000000080000000, 0x0000000100000000)
  region size 1024K, 35 young (35840K), 4 survivors (4096K)
 Metaspace       used 74075K, capacity 75691K, committed 75900K, reserved 1116160K
  class space    used 9564K, capacity 10208K, committed 10240K, reserved 1048576K
}
Event: 52.757 GC heap after
{Heap after GC invocations=53 (full 0):
 garbage-first heap   total 133120K, used 69454K [0x0000000080000000, 0x0000000100000000)
  region size 1024K, 4 young (4096K), 4 survivors (4096K)
 Metaspace       used 74075K, capacity 75691K, committed 75900K, reserved 1116160K
  class space    used 9564K, capacity 10208K, committed 10240K, reserved 1048576K
}

