# JRE version: OpenJDK Runtime Environment (11.0.11+9) (build 11.0.11+9-b60-7590822)
# Java VM: OpenJDK 64-Bit Server VM (11.0.11+9-b60-7590822, mixed mode, tiered, compressed oops, g1 gc, windows-amd64)
Heap:
 garbage-first heap   total 159744K, used 67305K [0x0000000080000000, 0x0000000100000000)
  region size 1024K, 5 young (5120K), 5 survivors (5120K)
 Metaspace       used 74756K, capacity 76384K, committed 76708K, reserved 1116160K
  class space    used 9666K, capacity 10287K, committed 10368K, reserved 1048576K
GC Heap History (20 events):
Event: 19.110 GC heap after
{Heap after GC invocations=16 (full 0):
 garbage-first heap   total 92160K, used 30362K [0x0000000080000000, 0x0000000100000000)
  region size 1024K, 5 young (5120K), 5 survivors (5120K)
 Metaspace       used 43937K, capacity 45019K, committed 45052K, reserved 1089536K
  class space    used 5595K, capacity 5983K, committed 6016K, reserved 1048576K
}
Event: 20.297 GC heap before
{Heap before GC invocations=16 (full 0):
 garbage-first heap   total 92160K, used 65178K [0x0000000080000000, 0x0000000100000000)
  region size 1024K, 39 young (39936K), 5 survivors (5120K)
 Metaspace       used 46417K, capacity 47517K, committed 47740K, reserved 1091584K
  class space    used 5959K, capacity 6370K, committed 6400K, reserved 1048576K
}
Event: 20.318 GC heap after
{Heap after GC invocations=17 (full 0):
 garbage-first heap   total 110592K, used 31476K [0x0000000080000000, 0x0000000100000000)
  region size 1024K, 3 young (3072K), 3 survivors (3072K)
 Metaspace       used 46417K, capacity 47517K, committed 47740K, reserved 1091584K
  class space    used 5959K, capacity 6370K, committed 6400K, reserved 1048576K
}
Event: 23.856 GC heap before
{Heap before GC invocations=17 (full 0):
 garbage-first heap   total 110592K, used 78580K [0x0000000080000000, 0x0000000100000000)
  region size 1024K, 45 young (46080K), 3 survivors (3072K)
 Metaspace       used 48536K, capacity 49737K, committed 49788K, reserved 1093632K
  class space    used 6174K, capacity 6610K, committed 6656K, reserved 1048576K
}
Event: 23.881 GC heap after
{Heap after GC invocations=18 (full 0):
 garbage-first heap   total 110592K, used 38912K [0x0000000080000000, 0x0000000100000000)
  region size 1024K, 6 young (6144K), 6 survivors (6144K)
 Metaspace       used 48536K, capacity 49737K, committed 49788K, reserved 1093632K
  class space    used 6174K, capacity 6610K, committed 6656K, reserved 1048576K
}
Event: 26.466 GC heap before
{Heap before GC invocations=18 (full 0):
 garbage-first heap   total 110592K, used 87040K [0x0000000080000000, 0x0000000100000000)
  region size 1024K, 48 young (49152K), 6 survivors (6144K)
 Metaspace       used 52712K, capacity 54096K, committed 54268K, reserved 1095680K
  class space    used 6683K, capacity 7176K, committed 7296K, reserved 1048576K
}
Event: 26.496 GC heap after
{Heap after GC invocations=19 (full 0):
 garbage-first heap   total 110592K, used 50627K [0x0000000080000000, 0x0000000100000000)
  region size 1024K, 6 young (6144K), 6 survivors (6144K)
 Metaspace       used 52712K, capacity 54096K, committed 54268K, reserved 1095680K
  class space    used 6683K, capacity 7176K, committed 7296K, reserved 1048576K
}
Event: 28.757 GC heap before
{Heap before GC invocations=19 (full 0):
 garbage-first heap   total 110592K, used 86467K [0x0000000080000000, 0x0000000100000000)
  region size 1024K, 41 young (41984K), 6 survivors (6144K)
 Metaspace       used 57580K, capacity 59020K, committed 59260K, reserved 1101824K
  class space    used 7291K, capacity 7810K, committed 7936K, reserved 1048576K
}
Event: 28.781 GC heap after
{Heap after GC invocations=20 (full 0):
 garbage-first heap   total 110592K, used 52608K [0x0000000080000000, 0x0000000100000000)
  region size 1024K, 2 young (2048K), 2 survivors (2048K)
 Metaspace       used 57580K, capacity 59020K, committed 59260K, reserved 1101824K
  class space    used 7291K, capacity 7810K, committed 7936K, reserved 1048576K
}
Event: 28.956 GC heap before
{Heap before GC invocations=20 (full 0):
 garbage-first heap   total 110592K, used 53632K [0x0000000080000000, 0x0000000100000000)
  region size 1024K, 4 young (4096K), 2 survivors (2048K)
 Metaspace       used 58405K, capacity 59891K, committed 59940K, reserved 1101824K
  class space    used 7389K, capacity 7931K, committed 7936K, reserved 1048576K
}
Event: 28.966 GC heap after
{Heap after GC invocations=21 (full 0):
 garbage-first heap   total 133120K, used 52523K [0x0000000080000000, 0x0000000100000000)
  region size 1024K, 2 young (2048K), 2 survivors (2048K)
 Metaspace       used 58405K, capacity 59891K, committed 59940K, reserved 1101824K
  class space    used 7389K, capacity 7931K, committed 7936K, reserved 1048576K
}
Event: 32.338 GC heap before
{Heap before GC invocations=22 (full 0):
 garbage-first heap   total 133120K, used 95531K [0x0000000080000000, 0x0000000100000000)
  region size 1024K, 45 young (46080K), 2 survivors (2048K)
 Metaspace       used 62873K, capacity 64358K, committed 64676K, reserved 1105920K
  class space    used 7932K, capacity 8474K, committed 8576K, reserved 1048576K
}
Event: 32.360 GC heap after
{Heap after GC invocations=23 (full 0):
 garbage-first heap   total 133120K, used 56339K [0x0000000080000000, 0x0000000100000000)
  region size 1024K, 6 young (6144K), 6 survivors (6144K)
 Metaspace       used 62873K, capacity 64358K, committed 64676K, reserved 1105920K
  class space    used 7932K, capacity 8474K, committed 8576K, reserved 1048576K
}
Event: 34.722 GC heap before
{Heap before GC invocations=23 (full 0):
 garbage-first heap   total 133120K, used 100371K [0x0000000080000000, 0x0000000100000000)
  region size 1024K, 48 young (49152K), 6 survivors (6144K)
 Metaspace       used 66681K, capacity 68231K, committed 68516K, reserved 1110016K
  class space    used 8414K, capacity 8966K, committed 9088K, reserved 1048576K
}
Event: 34.748 GC heap after
{Heap after GC invocations=24 (full 0):
 garbage-first heap   total 133120K, used 58633K [0x0000000080000000, 0x0000000100000000)
  region size 1024K, 3 young (3072K), 3 survivors (3072K)
 Metaspace       used 66681K, capacity 68231K, committed 68516K, reserved 1110016K
  class space    used 8414K, capacity 8966K, committed 9088K, reserved 1048576K
}
Event: 35.797 GC heap before
{Heap before GC invocations=24 (full 0):
 garbage-first heap   total 133120K, used 102665K [0x0000000080000000, 0x0000000100000000)
  region size 1024K, 46 young (47104K), 3 survivors (3072K)
 Metaspace       used 67327K, capacity 68962K, committed 69156K, reserved 1110016K
  class space    used 8501K, capacity 9103K, committed 9216K, reserved 1048576K
}
Event: 35.820 GC heap after
{Heap after GC invocations=25 (full 0):
 garbage-first heap   total 133120K, used 62311K [0x0000000080000000, 0x0000000100000000)
  region size 1024K, 6 young (6144K), 6 survivors (6144K)
 Metaspace       used 67327K, capacity 68962K, committed 69156K, reserved 1110016K
  class space    used 8501K, capacity 9103K, committed 9216K, reserved 1048576K
}
Event: 37.863 GC heap before
{Heap before GC invocations=25 (full 0):
 garbage-first heap   total 133120K, used 105319K [0x0000000080000000, 0x0000000100000000)
  region size 1024K, 48 young (49152K), 6 survivors (6144K)
 Metaspace       used 71085K, capacity 72680K, committed 72740K, reserved 1112064K
  class space    used 9139K, capacity 9723K, committed 9728K, reserved 1048576K
}
Event: 37.895 GC heap after
{Heap after GC invocations=26 (full 0):
 garbage-first heap   total 133120K, used 64739K [0x0000000080000000, 0x0000000100000000)
  region size 1024K, 3 young (3072K), 3 survivors (3072K)
 Metaspace       used 71085K, capacity 72680K, committed 72740K, reserved 1112064K
  class space    used 9139K, capacity 9723K, committed 9728K, reserved 1048576K
}
Event: 40.259 GC heap before
{Heap before GC invocations=26 (full 0):
 garbage-first heap   total 133120K, used 106723K [0x0000000080000000, 0x0000000100000000)
  region size 1024K, 44 young (45056K), 3 survivors (3072K)
 Metaspace       used 74756K, capacity 76384K, committed 76708K, reserved 1116160K
  class space    used 9666K, capacity 10287K, committed 10368K, reserved 1048576K
}

